
> web@ build C:\Users\mikae\Documents\GitHub\2fold-platform\apps\web
> next build

   ▲ Next.js 15.4.6

   Creating an optimized production build ...
 ✓ Compiled successfully in 3.0s
   Linting and checking validity of types ...

./src/components/kokonut/sections/bento-grid.tsx
358:9  Warning: Unused eslint-disable directive (no problems were reported from 'react-hooks/exhaustive-deps').
579:12  Warning: 'isHovered' is assigned a value but never used.  @typescript-eslint/no-unused-vars

./src/components/ui/chat-message.tsx
118:6  Warning: 'MessagePart' is defined but never used.  @typescript-eslint/no-unused-vars

info  - Need to disable some ESLint rules? Learn more here: https://nextjs.org/docs/app/api-reference/config/eslint#disabling-rules
   Collecting page data ...
   Generating static pages (0/12) ...
   Generating static pages (3/12) 
   Generating static pages (6/12) 
   Generating static pages (9/12) 
 ✓ Generating static pages (12/12)
   Finalizing page optimization ...
   Collecting build traces ...

Route (app)                                 Size  First Load JS
┌ ○ /                                    48.1 kB         164 kB
├ ○ /_not-found                            994 B         101 kB
├ ƒ /api-docs                              166 B         104 kB
├ ƒ /api/auth/[...nextauth]                154 B         100 kB
├ ƒ /api/github/webhook                    154 B         100 kB
├ ƒ /api/health                            154 B         100 kB
├ ƒ /api/openapi                           154 B         100 kB
├ ƒ /api/openapi.json                      154 B         100 kB
├ ƒ /api/status                            154 B         100 kB
├ ƒ /api/trpc/[trpc]                       154 B         100 kB
├ ƒ /api/upgrade                           154 B         100 kB
├ ƒ /auth/signin                           166 B         104 kB
├ ƒ /dashboard                             154 B         100 kB
├ ○ /docs                                  166 B         104 kB
├ ○ /docs/readme                           154 B         100 kB
└ ƒ /platform                              154 B         100 kB
+ First Load JS shared by all             100 kB
  ├ chunks/718-804a454cb750526a.js       44.2 kB
  ├ chunks/e0d0bbef-6a86fc0da747ec17.js  54.1 kB
  └ other shared chunks (total)          1.94 kB


○  (Static)   prerendered as static content
ƒ  (Dynamic)  server-rendered on demand

